CRITICAL - 2025-07-24 06:43:31 --> ErrorException: Undefined variable $badgeClass
[Method: GET, Route: admin/orders/]
in APPPATH\Views\admin\order\incoming.php on line 47.
 1 APPPATH\Views\admin\order\incoming.php(47): CodeIgniter\Debug\Exceptions->errorHandler(2, 'Undefined variable $badgeClass', 'C:\\xampp\\htdocs\\sigap1\\app\\Views\\admin\\order\\incoming.php', 47)
 2 SYSTEMPATH\View\View.php(234): include('C:\\xampp\\htdocs\\sigap1\\app\\Views\\admin\\order\\incoming.php')
 3 SYSTEMPATH\View\View.php(237): CodeIgniter\View\View->CodeIgniter\View\{closure}()
 4 SYSTEMPATH\Common.php(1171): CodeIgniter\View\View->render('admin/order/incoming.php', [], true)
 5 APPPATH\Controllers\Admin\OrderController.php(29): view('admin/order/incoming.php', [...])
 6 SYSTEMPATH\CodeIgniter.php(933): App\Controllers\Admin\OrderController->index()
 7 SYSTEMPATH\CodeIgniter.php(509): CodeIgniter\CodeIgniter->runController(Object(App\Controllers\Admin\OrderController))
 8 SYSTEMPATH\CodeIgniter.php(355): CodeIgniter\CodeIgniter->handleRequest(null, Object(Config\Cache), false)
 9 SYSTEMPATH\Boot.php(325): CodeIgniter\CodeIgniter->run()
10 SYSTEMPATH\Boot.php(67): CodeIgniter\Boot::runCodeIgniter(Object(CodeIgniter\CodeIgniter))
11 FCPATH\index.php(56): CodeIgniter\Boot::bootWeb(Object(Config\Paths))
12 SYSTEMPATH\rewrite.php(44): require_once('C:\\xampp\\htdocs\\sigap1\\public\\index.php')
CRITICAL - 2025-07-24 06:45:02 --> ErrorException: Undefined property: stdClass::$prioritas_label
[Method: GET, Route: admin/orders/]
in APPPATH\Views\admin\order\incoming.php on line 46.
 1 APPPATH\Views\admin\order\incoming.php(46): CodeIgniter\Debug\Exceptions->errorHandler(2, 'Undefined property: stdClass::$prioritas_label', 'C:\\xampp\\htdocs\\sigap1\\app\\Views\\admin\\order\\incoming.php', 46)
 2 SYSTEMPATH\View\View.php(234): include('C:\\xampp\\htdocs\\sigap1\\app\\Views\\admin\\order\\incoming.php')
 3 SYSTEMPATH\View\View.php(237): CodeIgniter\View\View->CodeIgniter\View\{closure}()
 4 SYSTEMPATH\Common.php(1171): CodeIgniter\View\View->render('admin/order/incoming.php', [], true)
 5 APPPATH\Controllers\Admin\OrderController.php(29): view('admin/order/incoming.php', [...])
 6 SYSTEMPATH\CodeIgniter.php(933): App\Controllers\Admin\OrderController->index()
 7 SYSTEMPATH\CodeIgniter.php(509): CodeIgniter\CodeIgniter->runController(Object(App\Controllers\Admin\OrderController))
 8 SYSTEMPATH\CodeIgniter.php(355): CodeIgniter\CodeIgniter->handleRequest(null, Object(Config\Cache), false)
 9 SYSTEMPATH\Boot.php(325): CodeIgniter\CodeIgniter->run()
10 SYSTEMPATH\Boot.php(67): CodeIgniter\Boot::runCodeIgniter(Object(CodeIgniter\CodeIgniter))
11 FCPATH\index.php(56): CodeIgniter\Boot::bootWeb(Object(Config\Paths))
12 SYSTEMPATH\rewrite.php(44): require_once('C:\\xampp\\htdocs\\sigap1\\public\\index.php')
CRITICAL - 2025-07-24 06:45:12 --> ErrorException: Undefined property: stdClass::$prioritas
[Method: GET, Route: admin/orders/]
in APPPATH\Views\admin\order\incoming.php on line 46.
 1 APPPATH\Views\admin\order\incoming.php(46): CodeIgniter\Debug\Exceptions->errorHandler(2, 'Undefined property: stdClass::$prioritas', 'C:\\xampp\\htdocs\\sigap1\\app\\Views\\admin\\order\\incoming.php', 46)
 2 SYSTEMPATH\View\View.php(234): include('C:\\xampp\\htdocs\\sigap1\\app\\Views\\admin\\order\\incoming.php')
 3 SYSTEMPATH\View\View.php(237): CodeIgniter\View\View->CodeIgniter\View\{closure}()
 4 SYSTEMPATH\Common.php(1171): CodeIgniter\View\View->render('admin/order/incoming.php', [], true)
 5 APPPATH\Controllers\Admin\OrderController.php(29): view('admin/order/incoming.php', [...])
 6 SYSTEMPATH\CodeIgniter.php(933): App\Controllers\Admin\OrderController->index()
 7 SYSTEMPATH\CodeIgniter.php(509): CodeIgniter\CodeIgniter->runController(Object(App\Controllers\Admin\OrderController))
 8 SYSTEMPATH\CodeIgniter.php(355): CodeIgniter\CodeIgniter->handleRequest(null, Object(Config\Cache), false)
 9 SYSTEMPATH\Boot.php(325): CodeIgniter\CodeIgniter->run()
10 SYSTEMPATH\Boot.php(67): CodeIgniter\Boot::runCodeIgniter(Object(CodeIgniter\CodeIgniter))
11 FCPATH\index.php(56): CodeIgniter\Boot::bootWeb(Object(Config\Paths))
12 SYSTEMPATH\rewrite.php(44): require_once('C:\\xampp\\htdocs\\sigap1\\public\\index.php')
CRITICAL - 2025-07-24 07:27:43 --> ParseError: syntax error, unexpected token "->"
[Method: GET, Route: admin/orders/]
in APPPATH\Controllers\Admin\OrderController.php on line 23.
 1 VENDORPATH\composer\ClassLoader.php(427): Composer\Autoload\{closure}('C:\\xampp\\htdocs\\sigap1\\vendor\\composer/../../app/Controllers/Admin/OrderController.php')
 2 [internal function]: Composer\Autoload\ClassLoader->loadClass('App\\Controllers\\Admin\\OrderController')
 3 SYSTEMPATH\CodeIgniter.php(887): class_exists('\\App\\Controllers\\Admin\\OrderController', true)
 4 SYSTEMPATH\CodeIgniter.php(496): CodeIgniter\CodeIgniter->startController()
 5 SYSTEMPATH\CodeIgniter.php(355): CodeIgniter\CodeIgniter->handleRequest(null, Object(Config\Cache), false)
 6 SYSTEMPATH\Boot.php(325): CodeIgniter\CodeIgniter->run()
 7 SYSTEMPATH\Boot.php(67): CodeIgniter\Boot::runCodeIgniter(Object(CodeIgniter\CodeIgniter))
 8 FCPATH\index.php(56): CodeIgniter\Boot::bootWeb(Object(Config\Paths))
 9 SYSTEMPATH\rewrite.php(44): require_once('C:\\xampp\\htdocs\\sigap1\\public\\index.php')
CRITICAL - 2025-07-24 07:27:53 --> ParseError: syntax error, unexpected token "->"
[Method: GET, Route: admin/orders/]
in APPPATH\Controllers\Admin\OrderController.php on line 23.
 1 VENDORPATH\composer\ClassLoader.php(427): Composer\Autoload\{closure}('C:\\xampp\\htdocs\\sigap1\\vendor\\composer/../../app/Controllers/Admin/OrderController.php')
 2 [internal function]: Composer\Autoload\ClassLoader->loadClass('App\\Controllers\\Admin\\OrderController')
 3 SYSTEMPATH\CodeIgniter.php(887): class_exists('\\App\\Controllers\\Admin\\OrderController', true)
 4 SYSTEMPATH\CodeIgniter.php(496): CodeIgniter\CodeIgniter->startController()
 5 SYSTEMPATH\CodeIgniter.php(355): CodeIgniter\CodeIgniter->handleRequest(null, Object(Config\Cache), false)
 6 SYSTEMPATH\Boot.php(325): CodeIgniter\CodeIgniter->run()
 7 SYSTEMPATH\Boot.php(67): CodeIgniter\Boot::runCodeIgniter(Object(CodeIgniter\CodeIgniter))
 8 FCPATH\index.php(56): CodeIgniter\Boot::bootWeb(Object(Config\Paths))
 9 SYSTEMPATH\rewrite.php(44): require_once('C:\\xampp\\htdocs\\sigap1\\public\\index.php')
CRITICAL - 2025-07-24 08:47:43 --> ErrorException: Undefined variable $orders
[Method: GET, Route: user/daftar]
in APPPATH\Controllers\Satker\DaftarController.php on line 24.
 1 APPPATH\Controllers\Satker\DaftarController.php(24): CodeIgniter\Debug\Exceptions->errorHandler(2, 'Undefined variable $orders', 'C:\\xampp\\htdocs\\sigap1\\app\\Controllers\\Satker\\DaftarController.php', 24)
 2 SYSTEMPATH\CodeIgniter.php(933): App\Controllers\Satker\DaftarController->daftar_orderan()
 3 SYSTEMPATH\CodeIgniter.php(509): CodeIgniter\CodeIgniter->runController(Object(App\Controllers\Satker\DaftarController))
 4 SYSTEMPATH\CodeIgniter.php(355): CodeIgniter\CodeIgniter->handleRequest(null, Object(Config\Cache), false)
 5 SYSTEMPATH\Boot.php(325): CodeIgniter\CodeIgniter->run()
 6 SYSTEMPATH\Boot.php(67): CodeIgniter\Boot::runCodeIgniter(Object(CodeIgniter\CodeIgniter))
 7 FCPATH\index.php(56): CodeIgniter\Boot::bootWeb(Object(Config\Paths))
 8 SYSTEMPATH\rewrite.php(44): require_once('C:\\xampp\\htdocs\\sigap1\\public\\index.php')
