CRITICAL - 2025-07-20 12:11:25 --> ErrorException: Undefined property: stdClass::$prioritas_label
[Method: GET, Route: admin/orders/]
in APPPATH\Views\admin\order\incoming.php on line 24.
 1 APPPATH\Views\admin\order\incoming.php(24): CodeIgniter\Debug\Exceptions->errorHandler(2, 'Undefined property: stdClass::$prioritas_label', 'C:\\xampp\\htdocs\\sigap1\\app\\Views\\admin\\order\\incoming.php', 24)
 2 SYSTEMPATH\View\View.php(234): include('C:\\xampp\\htdocs\\sigap1\\app\\Views\\admin\\order\\incoming.php')
 3 SYSTEMPATH\View\View.php(237): CodeIgniter\View\View->CodeIgniter\View\{closure}()
 4 SYSTEMPATH\Common.php(1171): CodeIgniter\View\View->render('admin/order/incoming.php', [], true)
 5 APPPATH\Controllers\Admin\OrderController.php(29): view('admin/order/incoming.php', [...])
 6 SYSTEMPATH\CodeIgniter.php(933): App\Controllers\Admin\OrderController->index()
 7 SYSTEMPATH\CodeIgniter.php(509): CodeIgniter\CodeIgniter->runController(Object(App\Controllers\Admin\OrderController))
 8 SYSTEMPATH\CodeIgniter.php(355): CodeIgniter\CodeIgniter->handleRequest(null, Object(Config\Cache), false)
 9 SYSTEMPATH\Boot.php(325): CodeIgniter\CodeIgniter->run()
10 SYSTEMPATH\Boot.php(67): CodeIgniter\Boot::runCodeIgniter(Object(CodeIgniter\CodeIgniter))
11 FCPATH\index.php(56): CodeIgniter\Boot::bootWeb(Object(Config\Paths))
12 SYSTEMPATH\rewrite.php(44): require_once('C:\\xampp\\htdocs\\sigap1\\public\\index.php')
CRITICAL - 2025-07-20 12:11:40 --> ErrorException: Undefined property: stdClass::$prioritas_label
[Method: GET, Route: admin/orders/]
in APPPATH\Views\admin\order\incoming.php on line 24.
 1 APPPATH\Views\admin\order\incoming.php(24): CodeIgniter\Debug\Exceptions->errorHandler(2, 'Undefined property: stdClass::$prioritas_label', 'C:\\xampp\\htdocs\\sigap1\\app\\Views\\admin\\order\\incoming.php', 24)
 2 SYSTEMPATH\View\View.php(234): include('C:\\xampp\\htdocs\\sigap1\\app\\Views\\admin\\order\\incoming.php')
 3 SYSTEMPATH\View\View.php(237): CodeIgniter\View\View->CodeIgniter\View\{closure}()
 4 SYSTEMPATH\Common.php(1171): CodeIgniter\View\View->render('admin/order/incoming.php', [], true)
 5 APPPATH\Controllers\Admin\OrderController.php(29): view('admin/order/incoming.php', [...])
 6 SYSTEMPATH\CodeIgniter.php(933): App\Controllers\Admin\OrderController->index()
 7 SYSTEMPATH\CodeIgniter.php(509): CodeIgniter\CodeIgniter->runController(Object(App\Controllers\Admin\OrderController))
 8 SYSTEMPATH\CodeIgniter.php(355): CodeIgniter\CodeIgniter->handleRequest(null, Object(Config\Cache), false)
 9 SYSTEMPATH\Boot.php(325): CodeIgniter\CodeIgniter->run()
10 SYSTEMPATH\Boot.php(67): CodeIgniter\Boot::runCodeIgniter(Object(CodeIgniter\CodeIgniter))
11 FCPATH\index.php(56): CodeIgniter\Boot::bootWeb(Object(Config\Paths))
12 SYSTEMPATH\rewrite.php(44): require_once('C:\\xampp\\htdocs\\sigap1\\public\\index.php')
CRITICAL - 2025-07-20 12:14:04 --> ErrorException: Undefined property: stdClass::$prioritas_label
[Method: GET, Route: admin/orders/]
in APPPATH\Views\admin\order\incoming.php on line 24.
 1 APPPATH\Views\admin\order\incoming.php(24): CodeIgniter\Debug\Exceptions->errorHandler(2, 'Undefined property: stdClass::$prioritas_label', 'C:\\xampp\\htdocs\\sigap1\\app\\Views\\admin\\order\\incoming.php', 24)
 2 SYSTEMPATH\View\View.php(234): include('C:\\xampp\\htdocs\\sigap1\\app\\Views\\admin\\order\\incoming.php')
 3 SYSTEMPATH\View\View.php(237): CodeIgniter\View\View->CodeIgniter\View\{closure}()
 4 SYSTEMPATH\Common.php(1171): CodeIgniter\View\View->render('admin/order/incoming.php', [], true)
 5 APPPATH\Controllers\Admin\OrderController.php(29): view('admin/order/incoming.php', [...])
 6 SYSTEMPATH\CodeIgniter.php(933): App\Controllers\Admin\OrderController->index()
 7 SYSTEMPATH\CodeIgniter.php(509): CodeIgniter\CodeIgniter->runController(Object(App\Controllers\Admin\OrderController))
 8 SYSTEMPATH\CodeIgniter.php(355): CodeIgniter\CodeIgniter->handleRequest(null, Object(Config\Cache), false)
 9 SYSTEMPATH\Boot.php(325): CodeIgniter\CodeIgniter->run()
10 SYSTEMPATH\Boot.php(67): CodeIgniter\Boot::runCodeIgniter(Object(CodeIgniter\CodeIgniter))
11 FCPATH\index.php(56): CodeIgniter\Boot::bootWeb(Object(Config\Paths))
12 SYSTEMPATH\rewrite.php(44): require_once('C:\\xampp\\htdocs\\sigap1\\public\\index.php')
CRITICAL - 2025-07-20 12:14:06 --> ErrorException: Undefined property: stdClass::$prioritas_label
[Method: GET, Route: admin/orders/]
in APPPATH\Views\admin\order\incoming.php on line 24.
 1 APPPATH\Views\admin\order\incoming.php(24): CodeIgniter\Debug\Exceptions->errorHandler(2, 'Undefined property: stdClass::$prioritas_label', 'C:\\xampp\\htdocs\\sigap1\\app\\Views\\admin\\order\\incoming.php', 24)
 2 SYSTEMPATH\View\View.php(234): include('C:\\xampp\\htdocs\\sigap1\\app\\Views\\admin\\order\\incoming.php')
 3 SYSTEMPATH\View\View.php(237): CodeIgniter\View\View->CodeIgniter\View\{closure}()
 4 SYSTEMPATH\Common.php(1171): CodeIgniter\View\View->render('admin/order/incoming.php', [], true)
 5 APPPATH\Controllers\Admin\OrderController.php(29): view('admin/order/incoming.php', [...])
 6 SYSTEMPATH\CodeIgniter.php(933): App\Controllers\Admin\OrderController->index()
 7 SYSTEMPATH\CodeIgniter.php(509): CodeIgniter\CodeIgniter->runController(Object(App\Controllers\Admin\OrderController))
 8 SYSTEMPATH\CodeIgniter.php(355): CodeIgniter\CodeIgniter->handleRequest(null, Object(Config\Cache), false)
 9 SYSTEMPATH\Boot.php(325): CodeIgniter\CodeIgniter->run()
10 SYSTEMPATH\Boot.php(67): CodeIgniter\Boot::runCodeIgniter(Object(CodeIgniter\CodeIgniter))
11 FCPATH\index.php(56): CodeIgniter\Boot::bootWeb(Object(Config\Paths))
12 SYSTEMPATH\rewrite.php(44): require_once('C:\\xampp\\htdocs\\sigap1\\public\\index.php')
CRITICAL - 2025-07-20 12:14:59 --> ErrorException: Undefined property: stdClass::$prioritas_label
[Method: GET, Route: admin/orders/]
in APPPATH\Views\admin\order\incoming.php on line 24.
 1 APPPATH\Views\admin\order\incoming.php(24): CodeIgniter\Debug\Exceptions->errorHandler(2, 'Undefined property: stdClass::$prioritas_label', 'C:\\xampp\\htdocs\\sigap1\\app\\Views\\admin\\order\\incoming.php', 24)
 2 SYSTEMPATH\View\View.php(234): include('C:\\xampp\\htdocs\\sigap1\\app\\Views\\admin\\order\\incoming.php')
 3 SYSTEMPATH\View\View.php(237): CodeIgniter\View\View->CodeIgniter\View\{closure}()
 4 SYSTEMPATH\Common.php(1171): CodeIgniter\View\View->render('admin/order/incoming.php', [], true)
 5 APPPATH\Controllers\Admin\OrderController.php(29): view('admin/order/incoming.php', [...])
 6 SYSTEMPATH\CodeIgniter.php(933): App\Controllers\Admin\OrderController->index()
 7 SYSTEMPATH\CodeIgniter.php(509): CodeIgniter\CodeIgniter->runController(Object(App\Controllers\Admin\OrderController))
 8 SYSTEMPATH\CodeIgniter.php(355): CodeIgniter\CodeIgniter->handleRequest(null, Object(Config\Cache), false)
 9 SYSTEMPATH\Boot.php(325): CodeIgniter\CodeIgniter->run()
10 SYSTEMPATH\Boot.php(67): CodeIgniter\Boot::runCodeIgniter(Object(CodeIgniter\CodeIgniter))
11 FCPATH\index.php(56): CodeIgniter\Boot::bootWeb(Object(Config\Paths))
12 SYSTEMPATH\rewrite.php(44): require_once('C:\\xampp\\htdocs\\sigap1\\public\\index.php')
CRITICAL - 2025-07-20 12:18:51 --> ErrorException: Undefined property: stdClass::$prioritas_label
[Method: GET, Route: admin/orders/]
in APPPATH\Views\admin\order\incoming.php on line 24.
 1 APPPATH\Views\admin\order\incoming.php(24): CodeIgniter\Debug\Exceptions->errorHandler(2, 'Undefined property: stdClass::$prioritas_label', 'C:\\xampp\\htdocs\\sigap1\\app\\Views\\admin\\order\\incoming.php', 24)
 2 SYSTEMPATH\View\View.php(234): include('C:\\xampp\\htdocs\\sigap1\\app\\Views\\admin\\order\\incoming.php')
 3 SYSTEMPATH\View\View.php(237): CodeIgniter\View\View->CodeIgniter\View\{closure}()
 4 SYSTEMPATH\Common.php(1171): CodeIgniter\View\View->render('admin/order/incoming.php', [], true)
 5 APPPATH\Controllers\Admin\OrderController.php(29): view('admin/order/incoming.php', [...])
 6 SYSTEMPATH\CodeIgniter.php(933): App\Controllers\Admin\OrderController->index()
 7 SYSTEMPATH\CodeIgniter.php(509): CodeIgniter\CodeIgniter->runController(Object(App\Controllers\Admin\OrderController))
 8 SYSTEMPATH\CodeIgniter.php(355): CodeIgniter\CodeIgniter->handleRequest(null, Object(Config\Cache), false)
 9 SYSTEMPATH\Boot.php(325): CodeIgniter\CodeIgniter->run()
10 SYSTEMPATH\Boot.php(67): CodeIgniter\Boot::runCodeIgniter(Object(CodeIgniter\CodeIgniter))
11 FCPATH\index.php(56): CodeIgniter\Boot::bootWeb(Object(Config\Paths))
12 SYSTEMPATH\rewrite.php(44): require_once('C:\\xampp\\htdocs\\sigap1\\public\\index.php')
CRITICAL - 2025-07-20 12:19:08 --> ErrorException: Undefined property: stdClass::$prioritas_label
[Method: GET, Route: admin/orders/]
in APPPATH\Views\admin\order\incoming.php on line 24.
 1 APPPATH\Views\admin\order\incoming.php(24): CodeIgniter\Debug\Exceptions->errorHandler(2, 'Undefined property: stdClass::$prioritas_label', 'C:\\xampp\\htdocs\\sigap1\\app\\Views\\admin\\order\\incoming.php', 24)
 2 SYSTEMPATH\View\View.php(234): include('C:\\xampp\\htdocs\\sigap1\\app\\Views\\admin\\order\\incoming.php')
 3 SYSTEMPATH\View\View.php(237): CodeIgniter\View\View->CodeIgniter\View\{closure}()
 4 SYSTEMPATH\Common.php(1171): CodeIgniter\View\View->render('admin/order/incoming.php', [], true)
 5 APPPATH\Controllers\Admin\OrderController.php(29): view('admin/order/incoming.php', [...])
 6 SYSTEMPATH\CodeIgniter.php(933): App\Controllers\Admin\OrderController->index()
 7 SYSTEMPATH\CodeIgniter.php(509): CodeIgniter\CodeIgniter->runController(Object(App\Controllers\Admin\OrderController))
 8 SYSTEMPATH\CodeIgniter.php(355): CodeIgniter\CodeIgniter->handleRequest(null, Object(Config\Cache), false)
 9 SYSTEMPATH\Boot.php(325): CodeIgniter\CodeIgniter->run()
10 SYSTEMPATH\Boot.php(67): CodeIgniter\Boot::runCodeIgniter(Object(CodeIgniter\CodeIgniter))
11 FCPATH\index.php(56): CodeIgniter\Boot::bootWeb(Object(Config\Paths))
12 SYSTEMPATH\rewrite.php(44): require_once('C:\\xampp\\htdocs\\sigap1\\public\\index.php')
CRITICAL - 2025-07-20 12:43:43 --> Error: Call to undefined method App\Controllers\Satker\BuatController::mapPriority()
[Method: POST, Route: user/buat/create]
in APPPATH\Controllers\Satker\BuatController.php on line 20.
 1 SYSTEMPATH\CodeIgniter.php(933): App\Controllers\Satker\BuatController->create()
 2 SYSTEMPATH\CodeIgniter.php(509): CodeIgniter\CodeIgniter->runController(Object(App\Controllers\Satker\BuatController))
 3 SYSTEMPATH\CodeIgniter.php(355): CodeIgniter\CodeIgniter->handleRequest(null, Object(Config\Cache), false)
 4 SYSTEMPATH\Boot.php(325): CodeIgniter\CodeIgniter->run()
 5 SYSTEMPATH\Boot.php(67): CodeIgniter\Boot::runCodeIgniter(Object(CodeIgniter\CodeIgniter))
 6 FCPATH\index.php(56): CodeIgniter\Boot::bootWeb(Object(Config\Paths))
 7 SYSTEMPATH\rewrite.php(44): require_once('C:\\xampp\\htdocs\\sigap1\\public\\index.php')
CRITICAL - 2025-07-20 13:02:49 --> CodeIgniter\View\Exceptions\ViewException: Invalid file: "admin/orders/incoming.php"
[Method: GET, Route: admin/orders/incoming]
in SYSTEMPATH\Exceptions\FrameworkException.php on line 41.
 1 SYSTEMPATH\View\View.php(222): CodeIgniter\Exceptions\FrameworkException::forInvalidFile('admin/orders/incoming.php')
 2 SYSTEMPATH\Common.php(1171): CodeIgniter\View\View->render('admin/orders/incoming', [], true)
 3 APPPATH\Controllers\Admin\OrderController.php(44): view('admin/orders/incoming', [...])
 4 SYSTEMPATH\CodeIgniter.php(933): App\Controllers\Admin\OrderController->incoming()
 5 SYSTEMPATH\CodeIgniter.php(509): CodeIgniter\CodeIgniter->runController(Object(App\Controllers\Admin\OrderController))
 6 SYSTEMPATH\CodeIgniter.php(355): CodeIgniter\CodeIgniter->handleRequest(null, Object(Config\Cache), false)
 7 SYSTEMPATH\Boot.php(325): CodeIgniter\CodeIgniter->run()
 8 SYSTEMPATH\Boot.php(67): CodeIgniter\Boot::runCodeIgniter(Object(CodeIgniter\CodeIgniter))
 9 FCPATH\index.php(56): CodeIgniter\Boot::bootWeb(Object(Config\Paths))
10 SYSTEMPATH\rewrite.php(44): require_once('C:\\xampp\\htdocs\\sigap1\\public\\index.php')
CRITICAL - 2025-07-20 13:04:04 --> Error: Cannot use object of type stdClass as array
[Method: GET, Route: admin/orders/]
in APPPATH\Views\admin\order\index.php on line 44.
 1 SYSTEMPATH\View\View.php(234): include()
 2 SYSTEMPATH\View\View.php(237): CodeIgniter\View\View->CodeIgniter\View\{closure}()
 3 SYSTEMPATH\Common.php(1171): CodeIgniter\View\View->render('admin/order/index', [], true)
 4 APPPATH\Controllers\Admin\OrderController.php(20): view('admin/order/index', [...])
 5 SYSTEMPATH\CodeIgniter.php(933): App\Controllers\Admin\OrderController->index()
 6 SYSTEMPATH\CodeIgniter.php(509): CodeIgniter\CodeIgniter->runController(Object(App\Controllers\Admin\OrderController))
 7 SYSTEMPATH\CodeIgniter.php(355): CodeIgniter\CodeIgniter->handleRequest(null, Object(Config\Cache), false)
 8 SYSTEMPATH\Boot.php(325): CodeIgniter\CodeIgniter->run()
 9 SYSTEMPATH\Boot.php(67): CodeIgniter\Boot::runCodeIgniter(Object(CodeIgniter\CodeIgniter))
10 FCPATH\index.php(56): CodeIgniter\Boot::bootWeb(Object(Config\Paths))
11 SYSTEMPATH\rewrite.php(44): require_once('C:\\xampp\\htdocs\\sigap1\\public\\index.php')
CRITICAL - 2025-07-20 13:04:06 --> Error: Cannot use object of type stdClass as array
[Method: GET, Route: admin/orders/]
in APPPATH\Views\admin\order\index.php on line 44.
 1 SYSTEMPATH\View\View.php(234): include()
 2 SYSTEMPATH\View\View.php(237): CodeIgniter\View\View->CodeIgniter\View\{closure}()
 3 SYSTEMPATH\Common.php(1171): CodeIgniter\View\View->render('admin/order/index', [], true)
 4 APPPATH\Controllers\Admin\OrderController.php(20): view('admin/order/index', [...])
 5 SYSTEMPATH\CodeIgniter.php(933): App\Controllers\Admin\OrderController->index()
 6 SYSTEMPATH\CodeIgniter.php(509): CodeIgniter\CodeIgniter->runController(Object(App\Controllers\Admin\OrderController))
 7 SYSTEMPATH\CodeIgniter.php(355): CodeIgniter\CodeIgniter->handleRequest(null, Object(Config\Cache), false)
 8 SYSTEMPATH\Boot.php(325): CodeIgniter\CodeIgniter->run()
 9 SYSTEMPATH\Boot.php(67): CodeIgniter\Boot::runCodeIgniter(Object(CodeIgniter\CodeIgniter))
10 FCPATH\index.php(56): CodeIgniter\Boot::bootWeb(Object(Config\Paths))
11 SYSTEMPATH\rewrite.php(44): require_once('C:\\xampp\\htdocs\\sigap1\\public\\index.php')
CRITICAL - 2025-07-20 13:22:44 --> ErrorException: Undefined property: stdClass::$prioritas_label
[Method: GET, Route: admin/orders/]
in APPPATH\Views\admin\order\incoming.php on line 48.
 1 APPPATH\Views\admin\order\incoming.php(48): CodeIgniter\Debug\Exceptions->errorHandler(2, 'Undefined property: stdClass::$prioritas_label', 'C:\\xampp\\htdocs\\sigap1\\app\\Views\\admin\\order\\incoming.php', 48)
 2 SYSTEMPATH\View\View.php(234): include('C:\\xampp\\htdocs\\sigap1\\app\\Views\\admin\\order\\incoming.php')
 3 SYSTEMPATH\View\View.php(237): CodeIgniter\View\View->CodeIgniter\View\{closure}()
 4 SYSTEMPATH\Common.php(1171): CodeIgniter\View\View->render('admin/order/incoming.php', [], true)
 5 APPPATH\Controllers\Admin\OrderController.php(29): view('admin/order/incoming.php', [...])
 6 SYSTEMPATH\CodeIgniter.php(933): App\Controllers\Admin\OrderController->index()
 7 SYSTEMPATH\CodeIgniter.php(509): CodeIgniter\CodeIgniter->runController(Object(App\Controllers\Admin\OrderController))
 8 SYSTEMPATH\CodeIgniter.php(355): CodeIgniter\CodeIgniter->handleRequest(null, Object(Config\Cache), false)
 9 SYSTEMPATH\Boot.php(325): CodeIgniter\CodeIgniter->run()
10 SYSTEMPATH\Boot.php(67): CodeIgniter\Boot::runCodeIgniter(Object(CodeIgniter\CodeIgniter))
11 FCPATH\index.php(56): CodeIgniter\Boot::bootWeb(Object(Config\Paths))
12 SYSTEMPATH\rewrite.php(44): require_once('C:\\xampp\\htdocs\\sigap1\\public\\index.php')
ERROR - 2025-07-20 13:32:38 --> mysqli_sql_exception: Column 'judul_order' cannot be null in C:\xampp\htdocs\sigap1\vendor\codeigniter4\framework\system\Database\MySQLi\Connection.php:312
Stack trace:
#0 C:\xampp\htdocs\sigap1\vendor\codeigniter4\framework\system\Database\MySQLi\Connection.php(312): mysqli->query('INSERT INTO `tb...', 0)
#1 C:\xampp\htdocs\sigap1\vendor\codeigniter4\framework\system\Database\BaseConnection.php(734): CodeIgniter\Database\MySQLi\Connection->execute('INSERT INTO `tb...')
#2 C:\xampp\htdocs\sigap1\vendor\codeigniter4\framework\system\Database\BaseConnection.php(648): CodeIgniter\Database\BaseConnection->simpleQuery('INSERT INTO `tb...')
#3 C:\xampp\htdocs\sigap1\vendor\codeigniter4\framework\system\Database\BaseBuilder.php(2340): CodeIgniter\Database\BaseConnection->query('INSERT INTO `tb...', Array, false)
#4 C:\xampp\htdocs\sigap1\vendor\codeigniter4\framework\system\Model.php(394): CodeIgniter\Database\BaseBuilder->insert()
#5 C:\xampp\htdocs\sigap1\vendor\codeigniter4\framework\system\BaseModel.php(840): CodeIgniter\Model->doInsert(Array)
#6 C:\xampp\htdocs\sigap1\vendor\codeigniter4\framework\system\Model.php(802): CodeIgniter\BaseModel->insert(Array, true)
#7 C:\xampp\htdocs\sigap1\app\Controllers\Satker\BuatController.php(55): CodeIgniter\Model->insert(Array)
#8 C:\xampp\htdocs\sigap1\vendor\codeigniter4\framework\system\CodeIgniter.php(933): App\Controllers\Satker\BuatController->create()
#9 C:\xampp\htdocs\sigap1\vendor\codeigniter4\framework\system\CodeIgniter.php(509): CodeIgniter\CodeIgniter->runController(Object(App\Controllers\Satker\BuatController))
#10 C:\xampp\htdocs\sigap1\vendor\codeigniter4\framework\system\CodeIgniter.php(355): CodeIgniter\CodeIgniter->handleRequest(NULL, Object(Config\Cache), false)
#11 C:\xampp\htdocs\sigap1\vendor\codeigniter4\framework\system\Boot.php(325): CodeIgniter\CodeIgniter->run()
#12 C:\xampp\htdocs\sigap1\vendor\codeigniter4\framework\system\Boot.php(67): CodeIgniter\Boot::runCodeIgniter(Object(CodeIgniter\CodeIgniter))
#13 C:\xampp\htdocs\sigap1\public\index.php(56): CodeIgniter\Boot::bootWeb(Object(Config\Paths))
#14 C:\xampp\htdocs\sigap1\vendor\codeigniter4\framework\system\rewrite.php(44): require_once('C:\\xampp\\htdocs...')
#15 {main}
CRITICAL - 2025-07-20 13:32:38 --> CodeIgniter\Database\Exceptions\DatabaseException: Column 'judul_order' cannot be null
[Method: POST, Route: user/buat/create]
in SYSTEMPATH\Database\BaseConnection.php on line 688.
 1 SYSTEMPATH\Database\BaseBuilder.php(2340): CodeIgniter\Database\BaseConnection->query('INSERT INTO `tb_order` (`no_order`, `judul_order`, `jenis`, `detail`, `email`, `username`, `status`, `tanggal_input`, `deadline`, `priority`, `file_name`, `file_type`, `file_size`, `file_path`, `tanggal_ubah`) VALUES (:no_order:, :judul_order:, :jenis:, :detail:, :email:, :username:, :status:, :tanggal_input:, :deadline:, :priority:, :file_name:, :file_type:, :file_size:, :file_path:, :tanggal_ubah:)', [...], false)
 2 SYSTEMPATH\Model.php(394): CodeIgniter\Database\BaseBuilder->insert()
 3 SYSTEMPATH\BaseModel.php(840): CodeIgniter\Model->doInsert([...])
 4 SYSTEMPATH\Model.php(802): CodeIgniter\BaseModel->insert([...], true)
 5 APPPATH\Controllers\Satker\BuatController.php(55): CodeIgniter\Model->insert([...])
 6 SYSTEMPATH\CodeIgniter.php(933): App\Controllers\Satker\BuatController->create()
 7 SYSTEMPATH\CodeIgniter.php(509): CodeIgniter\CodeIgniter->runController(Object(App\Controllers\Satker\BuatController))
 8 SYSTEMPATH\CodeIgniter.php(355): CodeIgniter\CodeIgniter->handleRequest(null, Object(Config\Cache), false)
 9 SYSTEMPATH\Boot.php(325): CodeIgniter\CodeIgniter->run()
10 SYSTEMPATH\Boot.php(67): CodeIgniter\Boot::runCodeIgniter(Object(CodeIgniter\CodeIgniter))
11 FCPATH\index.php(56): CodeIgniter\Boot::bootWeb(Object(Config\Paths))
12 SYSTEMPATH\rewrite.php(44): require_once('C:\\xampp\\htdocs\\sigap1\\public\\index.php')
CRITICAL - 2025-07-20 13:32:38 --> [Caused by] CodeIgniter\Database\Exceptions\DatabaseException: Column 'judul_order' cannot be null
in SYSTEMPATH\Database\MySQLi\Connection.php on line 317.
 1 SYSTEMPATH\Database\BaseConnection.php(734): CodeIgniter\Database\MySQLi\Connection->execute('INSERT INTO `tb_order` (`no_order`, `judul_order`, `jenis`, `detail`, `email`, `username`, `status`, `tanggal_input`, `deadline`, `priority`, `file_name`, `file_type`, `file_size`, `file_path`, `tanggal_ubah`) VALUES (\'ORD-1753018358\', NULL, \'Layanan Permohonan\', \'qkiajs\', \'wayyu@gmail.com\', \'wayu\', \'pending\', \'2025-07-20 13:32:38\', \'2025-07-21\', 4, \'1753018358_fb6886d887e8fddb6680.pdf\', \'application/pdf\', 272226, \'C:\\\\xampp\\\\htdocs\\\\sigap1\\\\writable\\\\uploads/1753018358_fb6886d887e8fddb6680.pdf\', \'2025-07-20 13:32:38\')')
 2 SYSTEMPATH\Database\BaseConnection.php(648): CodeIgniter\Database\BaseConnection->simpleQuery('INSERT INTO `tb_order` (`no_order`, `judul_order`, `jenis`, `detail`, `email`, `username`, `status`, `tanggal_input`, `deadline`, `priority`, `file_name`, `file_type`, `file_size`, `file_path`, `tanggal_ubah`) VALUES (\'ORD-1753018358\', NULL, \'Layanan Permohonan\', \'qkiajs\', \'wayyu@gmail.com\', \'wayu\', \'pending\', \'2025-07-20 13:32:38\', \'2025-07-21\', 4, \'1753018358_fb6886d887e8fddb6680.pdf\', \'application/pdf\', 272226, \'C:\\\\xampp\\\\htdocs\\\\sigap1\\\\writable\\\\uploads/1753018358_fb6886d887e8fddb6680.pdf\', \'2025-07-20 13:32:38\')')
 3 SYSTEMPATH\Database\BaseBuilder.php(2340): CodeIgniter\Database\BaseConnection->query('INSERT INTO `tb_order` (`no_order`, `judul_order`, `jenis`, `detail`, `email`, `username`, `status`, `tanggal_input`, `deadline`, `priority`, `file_name`, `file_type`, `file_size`, `file_path`, `tanggal_ubah`) VALUES (:no_order:, :judul_order:, :jenis:, :detail:, :email:, :username:, :status:, :tanggal_input:, :deadline:, :priority:, :file_name:, :file_type:, :file_size:, :file_path:, :tanggal_ubah:)', [...], false)
 4 SYSTEMPATH\Model.php(394): CodeIgniter\Database\BaseBuilder->insert()
 5 SYSTEMPATH\BaseModel.php(840): CodeIgniter\Model->doInsert([...])
 6 SYSTEMPATH\Model.php(802): CodeIgniter\BaseModel->insert([...], true)
 7 APPPATH\Controllers\Satker\BuatController.php(55): CodeIgniter\Model->insert([...])
 8 SYSTEMPATH\CodeIgniter.php(933): App\Controllers\Satker\BuatController->create()
 9 SYSTEMPATH\CodeIgniter.php(509): CodeIgniter\CodeIgniter->runController(Object(App\Controllers\Satker\BuatController))
10 SYSTEMPATH\CodeIgniter.php(355): CodeIgniter\CodeIgniter->handleRequest(null, Object(Config\Cache), false)
11 SYSTEMPATH\Boot.php(325): CodeIgniter\CodeIgniter->run()
12 SYSTEMPATH\Boot.php(67): CodeIgniter\Boot::runCodeIgniter(Object(CodeIgniter\CodeIgniter))
13 FCPATH\index.php(56): CodeIgniter\Boot::bootWeb(Object(Config\Paths))
14 SYSTEMPATH\rewrite.php(44): require_once('C:\\xampp\\htdocs\\sigap1\\public\\index.php')
CRITICAL - 2025-07-20 13:32:38 --> [Caused by] mysqli_sql_exception: Column 'judul_order' cannot be null
in SYSTEMPATH\Database\MySQLi\Connection.php on line 312.
 1 SYSTEMPATH\Database\MySQLi\Connection.php(312): mysqli->query('INSERT INTO `tb_order` (`no_order`, `judul_order`, `jenis`, `detail`, `email`, `username`, `status`, `tanggal_input`, `deadline`, `priority`, `file_name`, `file_type`, `file_size`, `file_path`, `tanggal_ubah`) VALUES (\'ORD-1753018358\', NULL, \'Layanan Permohonan\', \'qkiajs\', \'wayyu@gmail.com\', \'wayu\', \'pending\', \'2025-07-20 13:32:38\', \'2025-07-21\', 4, \'1753018358_fb6886d887e8fddb6680.pdf\', \'application/pdf\', 272226, \'C:\\\\xampp\\\\htdocs\\\\sigap1\\\\writable\\\\uploads/1753018358_fb6886d887e8fddb6680.pdf\', \'2025-07-20 13:32:38\')', 0)
 2 SYSTEMPATH\Database\BaseConnection.php(734): CodeIgniter\Database\MySQLi\Connection->execute('INSERT INTO `tb_order` (`no_order`, `judul_order`, `jenis`, `detail`, `email`, `username`, `status`, `tanggal_input`, `deadline`, `priority`, `file_name`, `file_type`, `file_size`, `file_path`, `tanggal_ubah`) VALUES (\'ORD-1753018358\', NULL, \'Layanan Permohonan\', \'qkiajs\', \'wayyu@gmail.com\', \'wayu\', \'pending\', \'2025-07-20 13:32:38\', \'2025-07-21\', 4, \'1753018358_fb6886d887e8fddb6680.pdf\', \'application/pdf\', 272226, \'C:\\\\xampp\\\\htdocs\\\\sigap1\\\\writable\\\\uploads/1753018358_fb6886d887e8fddb6680.pdf\', \'2025-07-20 13:32:38\')')
 3 SYSTEMPATH\Database\BaseConnection.php(648): CodeIgniter\Database\BaseConnection->simpleQuery('INSERT INTO `tb_order` (`no_order`, `judul_order`, `jenis`, `detail`, `email`, `username`, `status`, `tanggal_input`, `deadline`, `priority`, `file_name`, `file_type`, `file_size`, `file_path`, `tanggal_ubah`) VALUES (\'ORD-1753018358\', NULL, \'Layanan Permohonan\', \'qkiajs\', \'wayyu@gmail.com\', \'wayu\', \'pending\', \'2025-07-20 13:32:38\', \'2025-07-21\', 4, \'1753018358_fb6886d887e8fddb6680.pdf\', \'application/pdf\', 272226, \'C:\\\\xampp\\\\htdocs\\\\sigap1\\\\writable\\\\uploads/1753018358_fb6886d887e8fddb6680.pdf\', \'2025-07-20 13:32:38\')')
 4 SYSTEMPATH\Database\BaseBuilder.php(2340): CodeIgniter\Database\BaseConnection->query('INSERT INTO `tb_order` (`no_order`, `judul_order`, `jenis`, `detail`, `email`, `username`, `status`, `tanggal_input`, `deadline`, `priority`, `file_name`, `file_type`, `file_size`, `file_path`, `tanggal_ubah`) VALUES (:no_order:, :judul_order:, :jenis:, :detail:, :email:, :username:, :status:, :tanggal_input:, :deadline:, :priority:, :file_name:, :file_type:, :file_size:, :file_path:, :tanggal_ubah:)', [...], false)
 5 SYSTEMPATH\Model.php(394): CodeIgniter\Database\BaseBuilder->insert()
 6 SYSTEMPATH\BaseModel.php(840): CodeIgniter\Model->doInsert([...])
 7 SYSTEMPATH\Model.php(802): CodeIgniter\BaseModel->insert([...], true)
 8 APPPATH\Controllers\Satker\BuatController.php(55): CodeIgniter\Model->insert([...])
 9 SYSTEMPATH\CodeIgniter.php(933): App\Controllers\Satker\BuatController->create()
10 SYSTEMPATH\CodeIgniter.php(509): CodeIgniter\CodeIgniter->runController(Object(App\Controllers\Satker\BuatController))
11 SYSTEMPATH\CodeIgniter.php(355): CodeIgniter\CodeIgniter->handleRequest(null, Object(Config\Cache), false)
12 SYSTEMPATH\Boot.php(325): CodeIgniter\CodeIgniter->run()
13 SYSTEMPATH\Boot.php(67): CodeIgniter\Boot::runCodeIgniter(Object(CodeIgniter\CodeIgniter))
14 FCPATH\index.php(56): CodeIgniter\Boot::bootWeb(Object(Config\Paths))
15 SYSTEMPATH\rewrite.php(44): require_once('C:\\xampp\\htdocs\\sigap1\\public\\index.php')
ERROR - 2025-07-20 13:35:34 --> mysqli_sql_exception: Column 'judul_order' cannot be null in C:\xampp\htdocs\sigap1\vendor\codeigniter4\framework\system\Database\MySQLi\Connection.php:312
Stack trace:
#0 C:\xampp\htdocs\sigap1\vendor\codeigniter4\framework\system\Database\MySQLi\Connection.php(312): mysqli->query('INSERT INTO `tb...', 0)
#1 C:\xampp\htdocs\sigap1\vendor\codeigniter4\framework\system\Database\BaseConnection.php(734): CodeIgniter\Database\MySQLi\Connection->execute('INSERT INTO `tb...')
#2 C:\xampp\htdocs\sigap1\vendor\codeigniter4\framework\system\Database\BaseConnection.php(648): CodeIgniter\Database\BaseConnection->simpleQuery('INSERT INTO `tb...')
#3 C:\xampp\htdocs\sigap1\vendor\codeigniter4\framework\system\Database\BaseBuilder.php(2340): CodeIgniter\Database\BaseConnection->query('INSERT INTO `tb...', Array, false)
#4 C:\xampp\htdocs\sigap1\vendor\codeigniter4\framework\system\Model.php(394): CodeIgniter\Database\BaseBuilder->insert()
#5 C:\xampp\htdocs\sigap1\vendor\codeigniter4\framework\system\BaseModel.php(840): CodeIgniter\Model->doInsert(Array)
#6 C:\xampp\htdocs\sigap1\vendor\codeigniter4\framework\system\Model.php(802): CodeIgniter\BaseModel->insert(Array, true)
#7 C:\xampp\htdocs\sigap1\app\Controllers\Satker\BuatController.php(55): CodeIgniter\Model->insert(Array)
#8 C:\xampp\htdocs\sigap1\vendor\codeigniter4\framework\system\CodeIgniter.php(933): App\Controllers\Satker\BuatController->create()
#9 C:\xampp\htdocs\sigap1\vendor\codeigniter4\framework\system\CodeIgniter.php(509): CodeIgniter\CodeIgniter->runController(Object(App\Controllers\Satker\BuatController))
#10 C:\xampp\htdocs\sigap1\vendor\codeigniter4\framework\system\CodeIgniter.php(355): CodeIgniter\CodeIgniter->handleRequest(NULL, Object(Config\Cache), false)
#11 C:\xampp\htdocs\sigap1\vendor\codeigniter4\framework\system\Boot.php(325): CodeIgniter\CodeIgniter->run()
#12 C:\xampp\htdocs\sigap1\vendor\codeigniter4\framework\system\Boot.php(67): CodeIgniter\Boot::runCodeIgniter(Object(CodeIgniter\CodeIgniter))
#13 C:\xampp\htdocs\sigap1\public\index.php(56): CodeIgniter\Boot::bootWeb(Object(Config\Paths))
#14 C:\xampp\htdocs\sigap1\vendor\codeigniter4\framework\system\rewrite.php(44): require_once('C:\\xampp\\htdocs...')
#15 {main}
CRITICAL - 2025-07-20 13:35:34 --> CodeIgniter\Database\Exceptions\DatabaseException: Column 'judul_order' cannot be null
[Method: POST, Route: user/buat/create]
in SYSTEMPATH\Database\BaseConnection.php on line 688.
 1 SYSTEMPATH\Database\BaseBuilder.php(2340): CodeIgniter\Database\BaseConnection->query('INSERT INTO `tb_order` (`no_order`, `judul_order`, `jenis`, `detail`, `email`, `username`, `status`, `tanggal_input`, `deadline`, `priority`, `file_name`, `file_type`, `file_size`, `file_path`, `tanggal_ubah`) VALUES (:no_order:, :judul_order:, :jenis:, :detail:, :email:, :username:, :status:, :tanggal_input:, :deadline:, :priority:, :file_name:, :file_type:, :file_size:, :file_path:, :tanggal_ubah:)', [...], false)
 2 SYSTEMPATH\Model.php(394): CodeIgniter\Database\BaseBuilder->insert()
 3 SYSTEMPATH\BaseModel.php(840): CodeIgniter\Model->doInsert([...])
 4 SYSTEMPATH\Model.php(802): CodeIgniter\BaseModel->insert([...], true)
 5 APPPATH\Controllers\Satker\BuatController.php(55): CodeIgniter\Model->insert([...])
 6 SYSTEMPATH\CodeIgniter.php(933): App\Controllers\Satker\BuatController->create()
 7 SYSTEMPATH\CodeIgniter.php(509): CodeIgniter\CodeIgniter->runController(Object(App\Controllers\Satker\BuatController))
 8 SYSTEMPATH\CodeIgniter.php(355): CodeIgniter\CodeIgniter->handleRequest(null, Object(Config\Cache), false)
 9 SYSTEMPATH\Boot.php(325): CodeIgniter\CodeIgniter->run()
10 SYSTEMPATH\Boot.php(67): CodeIgniter\Boot::runCodeIgniter(Object(CodeIgniter\CodeIgniter))
11 FCPATH\index.php(56): CodeIgniter\Boot::bootWeb(Object(Config\Paths))
12 SYSTEMPATH\rewrite.php(44): require_once('C:\\xampp\\htdocs\\sigap1\\public\\index.php')
CRITICAL - 2025-07-20 13:35:34 --> [Caused by] CodeIgniter\Database\Exceptions\DatabaseException: Column 'judul_order' cannot be null
in SYSTEMPATH\Database\MySQLi\Connection.php on line 317.
 1 SYSTEMPATH\Database\BaseConnection.php(734): CodeIgniter\Database\MySQLi\Connection->execute('INSERT INTO `tb_order` (`no_order`, `judul_order`, `jenis`, `detail`, `email`, `username`, `status`, `tanggal_input`, `deadline`, `priority`, `file_name`, `file_type`, `file_size`, `file_path`, `tanggal_ubah`) VALUES (\'ORD-1753018534\', NULL, \'Layanan Permohonan\', \'qkiajs\', \'wayyu@gmail.com\', \'wayu\', \'pending\', \'2025-07-20 13:35:34\', \'2025-07-21\', 4, \'1753018534_d76e332cba73b604d337.pdf\', \'application/pdf\', 272226, \'C:\\\\xampp\\\\htdocs\\\\sigap1\\\\writable\\\\uploads/1753018534_d76e332cba73b604d337.pdf\', \'2025-07-20 13:35:34\')')
 2 SYSTEMPATH\Database\BaseConnection.php(648): CodeIgniter\Database\BaseConnection->simpleQuery('INSERT INTO `tb_order` (`no_order`, `judul_order`, `jenis`, `detail`, `email`, `username`, `status`, `tanggal_input`, `deadline`, `priority`, `file_name`, `file_type`, `file_size`, `file_path`, `tanggal_ubah`) VALUES (\'ORD-1753018534\', NULL, \'Layanan Permohonan\', \'qkiajs\', \'wayyu@gmail.com\', \'wayu\', \'pending\', \'2025-07-20 13:35:34\', \'2025-07-21\', 4, \'1753018534_d76e332cba73b604d337.pdf\', \'application/pdf\', 272226, \'C:\\\\xampp\\\\htdocs\\\\sigap1\\\\writable\\\\uploads/1753018534_d76e332cba73b604d337.pdf\', \'2025-07-20 13:35:34\')')
 3 SYSTEMPATH\Database\BaseBuilder.php(2340): CodeIgniter\Database\BaseConnection->query('INSERT INTO `tb_order` (`no_order`, `judul_order`, `jenis`, `detail`, `email`, `username`, `status`, `tanggal_input`, `deadline`, `priority`, `file_name`, `file_type`, `file_size`, `file_path`, `tanggal_ubah`) VALUES (:no_order:, :judul_order:, :jenis:, :detail:, :email:, :username:, :status:, :tanggal_input:, :deadline:, :priority:, :file_name:, :file_type:, :file_size:, :file_path:, :tanggal_ubah:)', [...], false)
 4 SYSTEMPATH\Model.php(394): CodeIgniter\Database\BaseBuilder->insert()
 5 SYSTEMPATH\BaseModel.php(840): CodeIgniter\Model->doInsert([...])
 6 SYSTEMPATH\Model.php(802): CodeIgniter\BaseModel->insert([...], true)
 7 APPPATH\Controllers\Satker\BuatController.php(55): CodeIgniter\Model->insert([...])
 8 SYSTEMPATH\CodeIgniter.php(933): App\Controllers\Satker\BuatController->create()
 9 SYSTEMPATH\CodeIgniter.php(509): CodeIgniter\CodeIgniter->runController(Object(App\Controllers\Satker\BuatController))
10 SYSTEMPATH\CodeIgniter.php(355): CodeIgniter\CodeIgniter->handleRequest(null, Object(Config\Cache), false)
11 SYSTEMPATH\Boot.php(325): CodeIgniter\CodeIgniter->run()
12 SYSTEMPATH\Boot.php(67): CodeIgniter\Boot::runCodeIgniter(Object(CodeIgniter\CodeIgniter))
13 FCPATH\index.php(56): CodeIgniter\Boot::bootWeb(Object(Config\Paths))
14 SYSTEMPATH\rewrite.php(44): require_once('C:\\xampp\\htdocs\\sigap1\\public\\index.php')
CRITICAL - 2025-07-20 13:35:34 --> [Caused by] mysqli_sql_exception: Column 'judul_order' cannot be null
in SYSTEMPATH\Database\MySQLi\Connection.php on line 312.
 1 SYSTEMPATH\Database\MySQLi\Connection.php(312): mysqli->query('INSERT INTO `tb_order` (`no_order`, `judul_order`, `jenis`, `detail`, `email`, `username`, `status`, `tanggal_input`, `deadline`, `priority`, `file_name`, `file_type`, `file_size`, `file_path`, `tanggal_ubah`) VALUES (\'ORD-1753018534\', NULL, \'Layanan Permohonan\', \'qkiajs\', \'wayyu@gmail.com\', \'wayu\', \'pending\', \'2025-07-20 13:35:34\', \'2025-07-21\', 4, \'1753018534_d76e332cba73b604d337.pdf\', \'application/pdf\', 272226, \'C:\\\\xampp\\\\htdocs\\\\sigap1\\\\writable\\\\uploads/1753018534_d76e332cba73b604d337.pdf\', \'2025-07-20 13:35:34\')', 0)
 2 SYSTEMPATH\Database\BaseConnection.php(734): CodeIgniter\Database\MySQLi\Connection->execute('INSERT INTO `tb_order` (`no_order`, `judul_order`, `jenis`, `detail`, `email`, `username`, `status`, `tanggal_input`, `deadline`, `priority`, `file_name`, `file_type`, `file_size`, `file_path`, `tanggal_ubah`) VALUES (\'ORD-1753018534\', NULL, \'Layanan Permohonan\', \'qkiajs\', \'wayyu@gmail.com\', \'wayu\', \'pending\', \'2025-07-20 13:35:34\', \'2025-07-21\', 4, \'1753018534_d76e332cba73b604d337.pdf\', \'application/pdf\', 272226, \'C:\\\\xampp\\\\htdocs\\\\sigap1\\\\writable\\\\uploads/1753018534_d76e332cba73b604d337.pdf\', \'2025-07-20 13:35:34\')')
 3 SYSTEMPATH\Database\BaseConnection.php(648): CodeIgniter\Database\BaseConnection->simpleQuery('INSERT INTO `tb_order` (`no_order`, `judul_order`, `jenis`, `detail`, `email`, `username`, `status`, `tanggal_input`, `deadline`, `priority`, `file_name`, `file_type`, `file_size`, `file_path`, `tanggal_ubah`) VALUES (\'ORD-1753018534\', NULL, \'Layanan Permohonan\', \'qkiajs\', \'wayyu@gmail.com\', \'wayu\', \'pending\', \'2025-07-20 13:35:34\', \'2025-07-21\', 4, \'1753018534_d76e332cba73b604d337.pdf\', \'application/pdf\', 272226, \'C:\\\\xampp\\\\htdocs\\\\sigap1\\\\writable\\\\uploads/1753018534_d76e332cba73b604d337.pdf\', \'2025-07-20 13:35:34\')')
 4 SYSTEMPATH\Database\BaseBuilder.php(2340): CodeIgniter\Database\BaseConnection->query('INSERT INTO `tb_order` (`no_order`, `judul_order`, `jenis`, `detail`, `email`, `username`, `status`, `tanggal_input`, `deadline`, `priority`, `file_name`, `file_type`, `file_size`, `file_path`, `tanggal_ubah`) VALUES (:no_order:, :judul_order:, :jenis:, :detail:, :email:, :username:, :status:, :tanggal_input:, :deadline:, :priority:, :file_name:, :file_type:, :file_size:, :file_path:, :tanggal_ubah:)', [...], false)
 5 SYSTEMPATH\Model.php(394): CodeIgniter\Database\BaseBuilder->insert()
 6 SYSTEMPATH\BaseModel.php(840): CodeIgniter\Model->doInsert([...])
 7 SYSTEMPATH\Model.php(802): CodeIgniter\BaseModel->insert([...], true)
 8 APPPATH\Controllers\Satker\BuatController.php(55): CodeIgniter\Model->insert([...])
 9 SYSTEMPATH\CodeIgniter.php(933): App\Controllers\Satker\BuatController->create()
10 SYSTEMPATH\CodeIgniter.php(509): CodeIgniter\CodeIgniter->runController(Object(App\Controllers\Satker\BuatController))
11 SYSTEMPATH\CodeIgniter.php(355): CodeIgniter\CodeIgniter->handleRequest(null, Object(Config\Cache), false)
12 SYSTEMPATH\Boot.php(325): CodeIgniter\CodeIgniter->run()
13 SYSTEMPATH\Boot.php(67): CodeIgniter\Boot::runCodeIgniter(Object(CodeIgniter\CodeIgniter))
14 FCPATH\index.php(56): CodeIgniter\Boot::bootWeb(Object(Config\Paths))
15 SYSTEMPATH\rewrite.php(44): require_once('C:\\xampp\\htdocs\\sigap1\\public\\index.php')
CRITICAL - 2025-07-20 13:35:37 --> ErrorException: Undefined property: stdClass::$judul
[Method: GET, Route: admin/orders/]
in APPPATH\Views\admin\order\incoming.php on line 40.
 1 APPPATH\Views\admin\order\incoming.php(40): CodeIgniter\Debug\Exceptions->errorHandler(2, 'Undefined property: stdClass::$judul', 'C:\\xampp\\htdocs\\sigap1\\app\\Views\\admin\\order\\incoming.php', 40)
 2 SYSTEMPATH\View\View.php(234): include('C:\\xampp\\htdocs\\sigap1\\app\\Views\\admin\\order\\incoming.php')
 3 SYSTEMPATH\View\View.php(237): CodeIgniter\View\View->CodeIgniter\View\{closure}()
 4 SYSTEMPATH\Common.php(1171): CodeIgniter\View\View->render('admin/order/incoming.php', [], true)
 5 APPPATH\Controllers\Admin\OrderController.php(29): view('admin/order/incoming.php', [...])
 6 SYSTEMPATH\CodeIgniter.php(933): App\Controllers\Admin\OrderController->index()
 7 SYSTEMPATH\CodeIgniter.php(509): CodeIgniter\CodeIgniter->runController(Object(App\Controllers\Admin\OrderController))
 8 SYSTEMPATH\CodeIgniter.php(355): CodeIgniter\CodeIgniter->handleRequest(null, Object(Config\Cache), false)
 9 SYSTEMPATH\Boot.php(325): CodeIgniter\CodeIgniter->run()
10 SYSTEMPATH\Boot.php(67): CodeIgniter\Boot::runCodeIgniter(Object(CodeIgniter\CodeIgniter))
11 FCPATH\index.php(56): CodeIgniter\Boot::bootWeb(Object(Config\Paths))
12 SYSTEMPATH\rewrite.php(44): require_once('C:\\xampp\\htdocs\\sigap1\\public\\index.php')
CRITICAL - 2025-07-20 13:38:28 --> ErrorException: Undefined property: stdClass::$judul
[Method: GET, Route: admin/orders/]
in APPPATH\Views\admin\order\incoming.php on line 40.
 1 APPPATH\Views\admin\order\incoming.php(40): CodeIgniter\Debug\Exceptions->errorHandler(2, 'Undefined property: stdClass::$judul', 'C:\\xampp\\htdocs\\sigap1\\app\\Views\\admin\\order\\incoming.php', 40)
 2 SYSTEMPATH\View\View.php(234): include('C:\\xampp\\htdocs\\sigap1\\app\\Views\\admin\\order\\incoming.php')
 3 SYSTEMPATH\View\View.php(237): CodeIgniter\View\View->CodeIgniter\View\{closure}()
 4 SYSTEMPATH\Common.php(1171): CodeIgniter\View\View->render('admin/order/incoming.php', [], true)
 5 APPPATH\Controllers\Admin\OrderController.php(29): view('admin/order/incoming.php', [...])
 6 SYSTEMPATH\CodeIgniter.php(933): App\Controllers\Admin\OrderController->index()
 7 SYSTEMPATH\CodeIgniter.php(509): CodeIgniter\CodeIgniter->runController(Object(App\Controllers\Admin\OrderController))
 8 SYSTEMPATH\CodeIgniter.php(355): CodeIgniter\CodeIgniter->handleRequest(null, Object(Config\Cache), false)
 9 SYSTEMPATH\Boot.php(325): CodeIgniter\CodeIgniter->run()
10 SYSTEMPATH\Boot.php(67): CodeIgniter\Boot::runCodeIgniter(Object(CodeIgniter\CodeIgniter))
11 FCPATH\index.php(56): CodeIgniter\Boot::bootWeb(Object(Config\Paths))
12 SYSTEMPATH\rewrite.php(44): require_once('C:\\xampp\\htdocs\\sigap1\\public\\index.php')
CRITICAL - 2025-07-20 13:40:20 --> ErrorException: Undefined property: stdClass::$judul
[Method: GET, Route: admin/orders/]
in APPPATH\Views\admin\order\incoming.php on line 40.
 1 APPPATH\Views\admin\order\incoming.php(40): CodeIgniter\Debug\Exceptions->errorHandler(2, 'Undefined property: stdClass::$judul', 'C:\\xampp\\htdocs\\sigap1\\app\\Views\\admin\\order\\incoming.php', 40)
 2 SYSTEMPATH\View\View.php(234): include('C:\\xampp\\htdocs\\sigap1\\app\\Views\\admin\\order\\incoming.php')
 3 SYSTEMPATH\View\View.php(237): CodeIgniter\View\View->CodeIgniter\View\{closure}()
 4 SYSTEMPATH\Common.php(1171): CodeIgniter\View\View->render('admin/order/incoming.php', [], true)
 5 APPPATH\Controllers\Admin\OrderController.php(29): view('admin/order/incoming.php', [...])
 6 SYSTEMPATH\CodeIgniter.php(933): App\Controllers\Admin\OrderController->index()
 7 SYSTEMPATH\CodeIgniter.php(509): CodeIgniter\CodeIgniter->runController(Object(App\Controllers\Admin\OrderController))
 8 SYSTEMPATH\CodeIgniter.php(355): CodeIgniter\CodeIgniter->handleRequest(null, Object(Config\Cache), false)
 9 SYSTEMPATH\Boot.php(325): CodeIgniter\CodeIgniter->run()
10 SYSTEMPATH\Boot.php(67): CodeIgniter\Boot::runCodeIgniter(Object(CodeIgniter\CodeIgniter))
11 FCPATH\index.php(56): CodeIgniter\Boot::bootWeb(Object(Config\Paths))
12 SYSTEMPATH\rewrite.php(44): require_once('C:\\xampp\\htdocs\\sigap1\\public\\index.php')
CRITICAL - 2025-07-20 13:40:22 --> ErrorException: Undefined property: stdClass::$judul
[Method: GET, Route: admin/orders/]
in APPPATH\Views\admin\order\incoming.php on line 40.
 1 APPPATH\Views\admin\order\incoming.php(40): CodeIgniter\Debug\Exceptions->errorHandler(2, 'Undefined property: stdClass::$judul', 'C:\\xampp\\htdocs\\sigap1\\app\\Views\\admin\\order\\incoming.php', 40)
 2 SYSTEMPATH\View\View.php(234): include('C:\\xampp\\htdocs\\sigap1\\app\\Views\\admin\\order\\incoming.php')
 3 SYSTEMPATH\View\View.php(237): CodeIgniter\View\View->CodeIgniter\View\{closure}()
 4 SYSTEMPATH\Common.php(1171): CodeIgniter\View\View->render('admin/order/incoming.php', [], true)
 5 APPPATH\Controllers\Admin\OrderController.php(29): view('admin/order/incoming.php', [...])
 6 SYSTEMPATH\CodeIgniter.php(933): App\Controllers\Admin\OrderController->index()
 7 SYSTEMPATH\CodeIgniter.php(509): CodeIgniter\CodeIgniter->runController(Object(App\Controllers\Admin\OrderController))
 8 SYSTEMPATH\CodeIgniter.php(355): CodeIgniter\CodeIgniter->handleRequest(null, Object(Config\Cache), false)
 9 SYSTEMPATH\Boot.php(325): CodeIgniter\CodeIgniter->run()
10 SYSTEMPATH\Boot.php(67): CodeIgniter\Boot::runCodeIgniter(Object(CodeIgniter\CodeIgniter))
11 FCPATH\index.php(56): CodeIgniter\Boot::bootWeb(Object(Config\Paths))
12 SYSTEMPATH\rewrite.php(44): require_once('C:\\xampp\\htdocs\\sigap1\\public\\index.php')
CRITICAL - 2025-07-20 13:40:24 --> ErrorException: Undefined property: stdClass::$judul
[Method: GET, Route: admin/orders/]
in APPPATH\Views\admin\order\incoming.php on line 40.
 1 APPPATH\Views\admin\order\incoming.php(40): CodeIgniter\Debug\Exceptions->errorHandler(2, 'Undefined property: stdClass::$judul', 'C:\\xampp\\htdocs\\sigap1\\app\\Views\\admin\\order\\incoming.php', 40)
 2 SYSTEMPATH\View\View.php(234): include('C:\\xampp\\htdocs\\sigap1\\app\\Views\\admin\\order\\incoming.php')
 3 SYSTEMPATH\View\View.php(237): CodeIgniter\View\View->CodeIgniter\View\{closure}()
 4 SYSTEMPATH\Common.php(1171): CodeIgniter\View\View->render('admin/order/incoming.php', [], true)
 5 APPPATH\Controllers\Admin\OrderController.php(29): view('admin/order/incoming.php', [...])
 6 SYSTEMPATH\CodeIgniter.php(933): App\Controllers\Admin\OrderController->index()
 7 SYSTEMPATH\CodeIgniter.php(509): CodeIgniter\CodeIgniter->runController(Object(App\Controllers\Admin\OrderController))
 8 SYSTEMPATH\CodeIgniter.php(355): CodeIgniter\CodeIgniter->handleRequest(null, Object(Config\Cache), false)
 9 SYSTEMPATH\Boot.php(325): CodeIgniter\CodeIgniter->run()
10 SYSTEMPATH\Boot.php(67): CodeIgniter\Boot::runCodeIgniter(Object(CodeIgniter\CodeIgniter))
11 FCPATH\index.php(56): CodeIgniter\Boot::bootWeb(Object(Config\Paths))
12 SYSTEMPATH\rewrite.php(44): require_once('C:\\xampp\\htdocs\\sigap1\\public\\index.php')
ERROR - 2025-07-20 13:43:34 --> mysqli_sql_exception: Unknown column 'judul_order' in 'field list' in C:\xampp\htdocs\sigap1\vendor\codeigniter4\framework\system\Database\MySQLi\Connection.php:312
Stack trace:
#0 C:\xampp\htdocs\sigap1\vendor\codeigniter4\framework\system\Database\MySQLi\Connection.php(312): mysqli->query('INSERT INTO `tb...', 0)
#1 C:\xampp\htdocs\sigap1\vendor\codeigniter4\framework\system\Database\BaseConnection.php(734): CodeIgniter\Database\MySQLi\Connection->execute('INSERT INTO `tb...')
#2 C:\xampp\htdocs\sigap1\vendor\codeigniter4\framework\system\Database\BaseConnection.php(648): CodeIgniter\Database\BaseConnection->simpleQuery('INSERT INTO `tb...')
#3 C:\xampp\htdocs\sigap1\vendor\codeigniter4\framework\system\Database\BaseBuilder.php(2340): CodeIgniter\Database\BaseConnection->query('INSERT INTO `tb...', Array, false)
#4 C:\xampp\htdocs\sigap1\vendor\codeigniter4\framework\system\Model.php(394): CodeIgniter\Database\BaseBuilder->insert()
#5 C:\xampp\htdocs\sigap1\vendor\codeigniter4\framework\system\BaseModel.php(840): CodeIgniter\Model->doInsert(Array)
#6 C:\xampp\htdocs\sigap1\vendor\codeigniter4\framework\system\Model.php(802): CodeIgniter\BaseModel->insert(Array, true)
#7 C:\xampp\htdocs\sigap1\app\Controllers\Satker\BuatController.php(55): CodeIgniter\Model->insert(Array)
#8 C:\xampp\htdocs\sigap1\vendor\codeigniter4\framework\system\CodeIgniter.php(933): App\Controllers\Satker\BuatController->create()
#9 C:\xampp\htdocs\sigap1\vendor\codeigniter4\framework\system\CodeIgniter.php(509): CodeIgniter\CodeIgniter->runController(Object(App\Controllers\Satker\BuatController))
#10 C:\xampp\htdocs\sigap1\vendor\codeigniter4\framework\system\CodeIgniter.php(355): CodeIgniter\CodeIgniter->handleRequest(NULL, Object(Config\Cache), false)
#11 C:\xampp\htdocs\sigap1\vendor\codeigniter4\framework\system\Boot.php(325): CodeIgniter\CodeIgniter->run()
#12 C:\xampp\htdocs\sigap1\vendor\codeigniter4\framework\system\Boot.php(67): CodeIgniter\Boot::runCodeIgniter(Object(CodeIgniter\CodeIgniter))
#13 C:\xampp\htdocs\sigap1\public\index.php(56): CodeIgniter\Boot::bootWeb(Object(Config\Paths))
#14 C:\xampp\htdocs\sigap1\vendor\codeigniter4\framework\system\rewrite.php(44): require_once('C:\\xampp\\htdocs...')
#15 {main}
CRITICAL - 2025-07-20 13:43:34 --> CodeIgniter\Database\Exceptions\DatabaseException: Unknown column 'judul_order' in 'field list'
[Method: POST, Route: user/buat/create]
in SYSTEMPATH\Database\BaseConnection.php on line 688.
 1 SYSTEMPATH\Database\BaseBuilder.php(2340): CodeIgniter\Database\BaseConnection->query('INSERT INTO `tb_order` (`no_order`, `judul_order`, `jenis`, `detail`, `email`, `username`, `status`, `tanggal_input`, `deadline`, `priority`, `file_name`, `file_type`, `file_size`, `file_path`, `tanggal_ubah`) VALUES (:no_order:, :judul_order:, :jenis:, :detail:, :email:, :username:, :status:, :tanggal_input:, :deadline:, :priority:, :file_name:, :file_type:, :file_size:, :file_path:, :tanggal_ubah:)', [...], false)
 2 SYSTEMPATH\Model.php(394): CodeIgniter\Database\BaseBuilder->insert()
 3 SYSTEMPATH\BaseModel.php(840): CodeIgniter\Model->doInsert([...])
 4 SYSTEMPATH\Model.php(802): CodeIgniter\BaseModel->insert([...], true)
 5 APPPATH\Controllers\Satker\BuatController.php(55): CodeIgniter\Model->insert([...])
 6 SYSTEMPATH\CodeIgniter.php(933): App\Controllers\Satker\BuatController->create()
 7 SYSTEMPATH\CodeIgniter.php(509): CodeIgniter\CodeIgniter->runController(Object(App\Controllers\Satker\BuatController))
 8 SYSTEMPATH\CodeIgniter.php(355): CodeIgniter\CodeIgniter->handleRequest(null, Object(Config\Cache), false)
 9 SYSTEMPATH\Boot.php(325): CodeIgniter\CodeIgniter->run()
10 SYSTEMPATH\Boot.php(67): CodeIgniter\Boot::runCodeIgniter(Object(CodeIgniter\CodeIgniter))
11 FCPATH\index.php(56): CodeIgniter\Boot::bootWeb(Object(Config\Paths))
12 SYSTEMPATH\rewrite.php(44): require_once('C:\\xampp\\htdocs\\sigap1\\public\\index.php')
CRITICAL - 2025-07-20 13:43:34 --> [Caused by] CodeIgniter\Database\Exceptions\DatabaseException: Unknown column 'judul_order' in 'field list'
in SYSTEMPATH\Database\MySQLi\Connection.php on line 317.
 1 SYSTEMPATH\Database\BaseConnection.php(734): CodeIgniter\Database\MySQLi\Connection->execute('INSERT INTO `tb_order` (`no_order`, `judul_order`, `jenis`, `detail`, `email`, `username`, `status`, `tanggal_input`, `deadline`, `priority`, `file_name`, `file_type`, `file_size`, `file_path`, `tanggal_ubah`) VALUES (\'ORD-1753019014\', \'Permohonan Server, Aplikasi, Calotation dan Domain\', \'Layanan Permohonan\', \'qwjsndxmc\', \'wayyu@gmail.com\', \'wayu\', \'pending\', \'2025-07-20 13:43:34\', \'2025-07-21\', 4, \'1753019014_5fb274b47b81fb18dd52.pdf\', \'application/pdf\', 272226, \'C:\\\\xampp\\\\htdocs\\\\sigap1\\\\writable\\\\uploads/1753019014_5fb274b47b81fb18dd52.pdf\', \'2025-07-20 13:43:34\')')
 2 SYSTEMPATH\Database\BaseConnection.php(648): CodeIgniter\Database\BaseConnection->simpleQuery('INSERT INTO `tb_order` (`no_order`, `judul_order`, `jenis`, `detail`, `email`, `username`, `status`, `tanggal_input`, `deadline`, `priority`, `file_name`, `file_type`, `file_size`, `file_path`, `tanggal_ubah`) VALUES (\'ORD-1753019014\', \'Permohonan Server, Aplikasi, Calotation dan Domain\', \'Layanan Permohonan\', \'qwjsndxmc\', \'wayyu@gmail.com\', \'wayu\', \'pending\', \'2025-07-20 13:43:34\', \'2025-07-21\', 4, \'1753019014_5fb274b47b81fb18dd52.pdf\', \'application/pdf\', 272226, \'C:\\\\xampp\\\\htdocs\\\\sigap1\\\\writable\\\\uploads/1753019014_5fb274b47b81fb18dd52.pdf\', \'2025-07-20 13:43:34\')')
 3 SYSTEMPATH\Database\BaseBuilder.php(2340): CodeIgniter\Database\BaseConnection->query('INSERT INTO `tb_order` (`no_order`, `judul_order`, `jenis`, `detail`, `email`, `username`, `status`, `tanggal_input`, `deadline`, `priority`, `file_name`, `file_type`, `file_size`, `file_path`, `tanggal_ubah`) VALUES (:no_order:, :judul_order:, :jenis:, :detail:, :email:, :username:, :status:, :tanggal_input:, :deadline:, :priority:, :file_name:, :file_type:, :file_size:, :file_path:, :tanggal_ubah:)', [...], false)
 4 SYSTEMPATH\Model.php(394): CodeIgniter\Database\BaseBuilder->insert()
 5 SYSTEMPATH\BaseModel.php(840): CodeIgniter\Model->doInsert([...])
 6 SYSTEMPATH\Model.php(802): CodeIgniter\BaseModel->insert([...], true)
 7 APPPATH\Controllers\Satker\BuatController.php(55): CodeIgniter\Model->insert([...])
 8 SYSTEMPATH\CodeIgniter.php(933): App\Controllers\Satker\BuatController->create()
 9 SYSTEMPATH\CodeIgniter.php(509): CodeIgniter\CodeIgniter->runController(Object(App\Controllers\Satker\BuatController))
10 SYSTEMPATH\CodeIgniter.php(355): CodeIgniter\CodeIgniter->handleRequest(null, Object(Config\Cache), false)
11 SYSTEMPATH\Boot.php(325): CodeIgniter\CodeIgniter->run()
12 SYSTEMPATH\Boot.php(67): CodeIgniter\Boot::runCodeIgniter(Object(CodeIgniter\CodeIgniter))
13 FCPATH\index.php(56): CodeIgniter\Boot::bootWeb(Object(Config\Paths))
14 SYSTEMPATH\rewrite.php(44): require_once('C:\\xampp\\htdocs\\sigap1\\public\\index.php')
CRITICAL - 2025-07-20 13:43:34 --> [Caused by] mysqli_sql_exception: Unknown column 'judul_order' in 'field list'
in SYSTEMPATH\Database\MySQLi\Connection.php on line 312.
 1 SYSTEMPATH\Database\MySQLi\Connection.php(312): mysqli->query('INSERT INTO `tb_order` (`no_order`, `judul_order`, `jenis`, `detail`, `email`, `username`, `status`, `tanggal_input`, `deadline`, `priority`, `file_name`, `file_type`, `file_size`, `file_path`, `tanggal_ubah`) VALUES (\'ORD-1753019014\', \'Permohonan Server, Aplikasi, Calotation dan Domain\', \'Layanan Permohonan\', \'qwjsndxmc\', \'wayyu@gmail.com\', \'wayu\', \'pending\', \'2025-07-20 13:43:34\', \'2025-07-21\', 4, \'1753019014_5fb274b47b81fb18dd52.pdf\', \'application/pdf\', 272226, \'C:\\\\xampp\\\\htdocs\\\\sigap1\\\\writable\\\\uploads/1753019014_5fb274b47b81fb18dd52.pdf\', \'2025-07-20 13:43:34\')', 0)
 2 SYSTEMPATH\Database\BaseConnection.php(734): CodeIgniter\Database\MySQLi\Connection->execute('INSERT INTO `tb_order` (`no_order`, `judul_order`, `jenis`, `detail`, `email`, `username`, `status`, `tanggal_input`, `deadline`, `priority`, `file_name`, `file_type`, `file_size`, `file_path`, `tanggal_ubah`) VALUES (\'ORD-1753019014\', \'Permohonan Server, Aplikasi, Calotation dan Domain\', \'Layanan Permohonan\', \'qwjsndxmc\', \'wayyu@gmail.com\', \'wayu\', \'pending\', \'2025-07-20 13:43:34\', \'2025-07-21\', 4, \'1753019014_5fb274b47b81fb18dd52.pdf\', \'application/pdf\', 272226, \'C:\\\\xampp\\\\htdocs\\\\sigap1\\\\writable\\\\uploads/1753019014_5fb274b47b81fb18dd52.pdf\', \'2025-07-20 13:43:34\')')
 3 SYSTEMPATH\Database\BaseConnection.php(648): CodeIgniter\Database\BaseConnection->simpleQuery('INSERT INTO `tb_order` (`no_order`, `judul_order`, `jenis`, `detail`, `email`, `username`, `status`, `tanggal_input`, `deadline`, `priority`, `file_name`, `file_type`, `file_size`, `file_path`, `tanggal_ubah`) VALUES (\'ORD-1753019014\', \'Permohonan Server, Aplikasi, Calotation dan Domain\', \'Layanan Permohonan\', \'qwjsndxmc\', \'wayyu@gmail.com\', \'wayu\', \'pending\', \'2025-07-20 13:43:34\', \'2025-07-21\', 4, \'1753019014_5fb274b47b81fb18dd52.pdf\', \'application/pdf\', 272226, \'C:\\\\xampp\\\\htdocs\\\\sigap1\\\\writable\\\\uploads/1753019014_5fb274b47b81fb18dd52.pdf\', \'2025-07-20 13:43:34\')')
 4 SYSTEMPATH\Database\BaseBuilder.php(2340): CodeIgniter\Database\BaseConnection->query('INSERT INTO `tb_order` (`no_order`, `judul_order`, `jenis`, `detail`, `email`, `username`, `status`, `tanggal_input`, `deadline`, `priority`, `file_name`, `file_type`, `file_size`, `file_path`, `tanggal_ubah`) VALUES (:no_order:, :judul_order:, :jenis:, :detail:, :email:, :username:, :status:, :tanggal_input:, :deadline:, :priority:, :file_name:, :file_type:, :file_size:, :file_path:, :tanggal_ubah:)', [...], false)
 5 SYSTEMPATH\Model.php(394): CodeIgniter\Database\BaseBuilder->insert()
 6 SYSTEMPATH\BaseModel.php(840): CodeIgniter\Model->doInsert([...])
 7 SYSTEMPATH\Model.php(802): CodeIgniter\BaseModel->insert([...], true)
 8 APPPATH\Controllers\Satker\BuatController.php(55): CodeIgniter\Model->insert([...])
 9 SYSTEMPATH\CodeIgniter.php(933): App\Controllers\Satker\BuatController->create()
10 SYSTEMPATH\CodeIgniter.php(509): CodeIgniter\CodeIgniter->runController(Object(App\Controllers\Satker\BuatController))
11 SYSTEMPATH\CodeIgniter.php(355): CodeIgniter\CodeIgniter->handleRequest(null, Object(Config\Cache), false)
12 SYSTEMPATH\Boot.php(325): CodeIgniter\CodeIgniter->run()
13 SYSTEMPATH\Boot.php(67): CodeIgniter\Boot::runCodeIgniter(Object(CodeIgniter\CodeIgniter))
14 FCPATH\index.php(56): CodeIgniter\Boot::bootWeb(Object(Config\Paths))
15 SYSTEMPATH\rewrite.php(44): require_once('C:\\xampp\\htdocs\\sigap1\\public\\index.php')
CRITICAL - 2025-07-20 14:22:12 --> ParseError: syntax error, unexpected token "return", expecting "function" or "const"
[Method: GET, Route: admin/orders]
in APPPATH\Controllers\Admin\OrderController.php on line 160.
 1 VENDORPATH\composer\ClassLoader.php(427): Composer\Autoload\{closure}('C:\\xampp\\htdocs\\sigap1\\vendor\\composer/../../app/Controllers/Admin/OrderController.php')
 2 [internal function]: Composer\Autoload\ClassLoader->loadClass('App\\Controllers\\Admin\\OrderController')
 3 SYSTEMPATH\CodeIgniter.php(887): class_exists('\\App\\Controllers\\Admin\\OrderController', true)
 4 SYSTEMPATH\CodeIgniter.php(496): CodeIgniter\CodeIgniter->startController()
 5 SYSTEMPATH\CodeIgniter.php(355): CodeIgniter\CodeIgniter->handleRequest(null, Object(Config\Cache), false)
 6 SYSTEMPATH\Boot.php(325): CodeIgniter\CodeIgniter->run()
 7 SYSTEMPATH\Boot.php(67): CodeIgniter\Boot::runCodeIgniter(Object(CodeIgniter\CodeIgniter))
 8 FCPATH\index.php(56): CodeIgniter\Boot::bootWeb(Object(Config\Paths))
 9 SYSTEMPATH\rewrite.php(44): require_once('C:\\xampp\\htdocs\\sigap1\\public\\index.php')
